Job launching after 0.74 seconds in submission.
Running python job.
Changed into dir /home/hpc_anna1985/Research/Generative-Models-in-Classification/Code/RF-HMM/spearmint/bpic
Importing bpic.py
Running bpic.main()
Got result -0.71477526874
Completed successfully in 105.32 seconds. [{u'main': -0.71477526873962915}]
Anything printed here will end up in the output directory for job #415
{u'nhmmstates': array([9]), u'nestimators': array([1]), u'nhmmiter': array([3])}
9 100 30
Start training the models...
Training with covariance type full
Training with covariance type diag
Start training the models...
Training with covariance type full
Start training the models...
Training with covariance type full
Start training the models...
Training with covariance type full
Start training the models...
Training with covariance type full
Result: 0.7148
