Job launching after 0.75 seconds in submission.
Running python job.
Changed into dir /home/hpc_anna1985/Research/Generative-Models-in-Classification/Code/RF-HMM/spearmint/bpic
Importing bpic.py
Running bpic.main()
Got result -0.740069259072
Completed successfully in 95.83 seconds. [{u'main': -0.74006925907221688}]
Anything printed here will end up in the output directory for job #466
{u'nhmmstates': array([8]), u'nestimators': array([1]), u'nhmmiter': array([1])}
8 100 10
Start training the models...
Training with covariance type full
Training with covariance type diag
Start training the models...
Training with covariance type full
Start training the models...
Training with covariance type full
Start training the models...
Training with covariance type full
Start training the models...
Training with covariance type full
Result: 0.7401
