Job launching after 0.74 seconds in submission.
Running python job.
Changed into dir /home/hpc_anna1985/Research/Generative-Models-in-Classification/Code/RF-HMM/spearmint/bpic
Importing bpic.py
Running bpic.main()
Got result -0.737688478465
Completed successfully in 108.29 seconds. [{u'main': -0.73768847846475727}]
Anything printed here will end up in the output directory for job #195
{u'nhmmstates': array([9]), u'nestimators': array([1]), u'nhmmiter': array([1])}
9 100 10
Start training the models...
Training with covariance type full
Training with covariance type diag
Start training the models...
Training with covariance type full
Start training the models...
Training with covariance type full
Start training the models...
Training with covariance type full
Start training the models...
Training with covariance type full
Result: 0.7377
