Job launching after 0.72 seconds in submission.
Running python job.
Changed into dir /home/hpc_anna1985/Research/Generative-Models-in-Classification/Code/RF-HMM/spearmint/bpic
Importing bpic.py
Running bpic.main()
Got result -0.723209003679
Completed successfully in 65.20 seconds. [{u'main': -0.72320900367938823}]
Anything printed here will end up in the output directory for job #134
{u'nhmmstates': array([2]), u'nestimators': array([7]), u'nhmmiter': array([1])}
2 700 10
Start training the models...
Training with covariance type full
Training with covariance type diag
Start training the models...
Training with covariance type full
Start training the models...
Training with covariance type full
Start training the models...
Training with covariance type full
Start training the models...
Training with covariance type full
Result: 0.7232
