Job launching after 0.84 seconds in submission.
Running python job.
Changed into dir /home/hpc_anna1985/Research/Generative-Models-in-Classification/Code/RF-HMM/spearmint/bpic
Importing bpic.py
Running bpic.main()
Got result -0.740076473559
Completed successfully in 133.32 seconds. [{u'main': -0.74007647355890638}]
Anything printed here will end up in the output directory for job #236
{u'nhmmstates': array([9]), u'nestimators': array([7]), u'nhmmiter': array([50])}
9 700 500
Start training the models...
Training with covariance type full
Training with covariance type diag
Start training the models...
Training with covariance type full
Start training the models...
Training with covariance type full
Start training the models...
Training with covariance type full
Start training the models...
Training with covariance type full
Result: 0.7401
