Job launching after 0.68 seconds in submission.
Running python job.
Changed into dir /home/hpc_anna1985/Research/Generative-Models-in-Classification/Code/RF-HMM/spearmint/bpic
Importing bpic.py
Running bpic.main()
Got result -0.729204242118
Completed successfully in 122.57 seconds. [{u'main': -0.72920424211817336}]
Anything printed here will end up in the output directory for job #39
{u'nhmmstates': array([10]), u'nestimators': array([1]), u'nhmmiter': array([1])}
10 100 10
Start training the models...
Training with covariance type full
Training with covariance type diag
Start training the models...
Training with covariance type full
Start training the models...
Training with covariance type full
Start training the models...
Training with covariance type full
Start training the models...
Training with covariance type full
Result: 0.7292
