Job launching after 0.70 seconds in submission.
Running python job.
Changed into dir /home/hpc_anna1985/Research/Generative-Models-in-Classification/Code/RF-HMM/spearmint/bpic
Importing bpic.py
Running bpic.main()
Got result -0.748495779525
Completed successfully in 134.65 seconds. [{u'main': -0.74849577952528679}]
Anything printed here will end up in the output directory for job #285
{u'nhmmstates': array([9]), u'nestimators': array([7]), u'nhmmiter': array([5])}
9 700 50
Start training the models...
Training with covariance type full
Training with covariance type diag
Start training the models...
Training with covariance type full
Start training the models...
Training with covariance type full
Start training the models...
Training with covariance type full
Start training the models...
Training with covariance type full
Result: 0.7485
