Job launching after 0.60 seconds in submission.
Running python job.
Changed into dir /home/hpc_anna1985/Research/Generative-Models-in-Classification/Code/RF-HMM/spearmint/bpic
Importing bpic.py
Running bpic.main()
Got result -0.752117451843
Completed successfully in 134.47 seconds. [{u'main': -0.75211745184330137}]
Anything printed here will end up in the output directory for job #135
{u'nhmmstates': array([10]), u'nestimators': array([3]), u'nhmmiter': array([2])}
10 300 20
Start training the models...
Training with covariance type full
Training with covariance type diag
Start training the models...
Training with covariance type full
Start training the models...
Training with covariance type full
Start training the models...
Training with covariance type full
Start training the models...
Training with covariance type full
Result: 0.7521
