Job launching after 0.79 seconds in submission.
Running python job.
Changed into dir /home/hpc_anna1985/Research/Generative-Models-in-Classification/Code/RF-HMM/spearmint/bpic
Importing bpic.py
Running bpic.main()
Got result -0.738857225308
Completed successfully in 152.20 seconds. [{u'main': -0.73885722530841935}]
Anything printed here will end up in the output directory for job #583
{u'nhmmstates': array([10]), u'nestimators': array([7]), u'nhmmiter': array([50])}
10 700 500
Start training the models...
Training with covariance type full
Training with covariance type diag
Start training the models...
Training with covariance type full
Start training the models...
Training with covariance type full
Start training the models...
Training with covariance type full
Start training the models...
Training with covariance type full
Result: 0.7389
