Job launching after 0.72 seconds in submission.
Running python job.
Changed into dir /home/hpc_anna1985/Research/Generative-Models-in-Classification/Code/RF-HMM/spearmint/bpic
Importing bpic.py
Running bpic.main()
Got result -0.732869201356
Completed successfully in 132.81 seconds. [{u'main': -0.73286920135632339}]
Anything printed here will end up in the output directory for job #554
{u'nhmmstates': array([9]), u'nestimators': array([7]), u'nhmmiter': array([47])}
9 700 470
Start training the models...
Training with covariance type full
Training with covariance type diag
Start training the models...
Training with covariance type full
Start training the models...
Training with covariance type full
Start training the models...
Training with covariance type full
Start training the models...
Training with covariance type full
Result: 0.7329
