Job launching after 0.74 seconds in submission.
Running python job.
Changed into dir /home/hpc_anna1985/Research/Generative-Models-in-Classification/Code/RF-HMM/spearmint/bpic
Importing bpic.py
Running bpic.main()
Got result -0.743698145877
Completed successfully in 145.29 seconds. [{u'main': -0.74369814587692085}]
Anything printed here will end up in the output directory for job #545
{u'nhmmstates': array([10]), u'nestimators': array([5]), u'nhmmiter': array([49])}
10 500 490
Start training the models...
Training with covariance type full
Training with covariance type diag
Start training the models...
Training with covariance type full
Start training the models...
Training with covariance type full
Start training the models...
Training with covariance type full
Start training the models...
Training with covariance type full
Result: 0.7437
