Job launching after 0.66 seconds in submission.
Running python job.
Changed into dir /home/hpc_anna1985/Research/Generative-Models-in-Classification/Code/RF-HMM/spearmint/bpic
Importing bpic.py
Running bpic.main()
Got result -0.765312747998
Completed successfully in 134.78 seconds. [{u'main': -0.76531274799797999}]
Anything printed here will end up in the output directory for job #247
{u'nhmmstates': array([9]), u'nestimators': array([7]), u'nhmmiter': array([44])}
9 700 440
Start training the models...
Training with covariance type full
Training with covariance type diag
Start training the models...
Training with covariance type full
Start training the models...
Training with covariance type full
Start training the models...
Training with covariance type full
Start training the models...
Training with covariance type full
Result: 0.7653
