Job launching after 0.66 seconds in submission.
Running python job.
Changed into dir /home/hpc_anna1985/Research/Generative-Models-in-Classification/Code/RF-HMM/spearmint/bpic
Importing bpic.py
Running bpic.main()
Got result -0.725611427747
Completed successfully in 49.12 seconds. [{u'main': -0.72561142774691578}]
Anything printed here will end up in the output directory for job #119
{u'nhmmstates': array([2]), u'nestimators': array([1]), u'nhmmiter': array([50])}
2 100 500
Start training the models...
Training with covariance type full
Training with covariance type diag
Start training the models...
Training with covariance type full
Start training the models...
Training with covariance type full
Start training the models...
Training with covariance type full
Start training the models...
Training with covariance type full
Result: 0.7256
