Job launching after 0.71 seconds in submission.
Running python job.
Changed into dir /home/hpc_anna1985/Research/Generative-Models-in-Classification/Code/RF-HMM/spearmint/bpic
Importing bpic.py
Running bpic.main()
Got result -0.731621095159
Completed successfully in 137.94 seconds. [{u'main': -0.73162109515907936}]
Anything printed here will end up in the output directory for job #25
{u'nhmmstates': array([10]), u'nestimators': array([3]), u'nhmmiter': array([7])}
10 300 70
Start training the models...
Training with covariance type full
Training with covariance type diag
Start training the models...
Training with covariance type full
Start training the models...
Training with covariance type full
Start training the models...
Training with covariance type full
Start training the models...
Training with covariance type full
Result: 0.7316
