Job launching after 0.60 seconds in submission.
Running python job.
Changed into dir /home/hpc_anna1985/Research/Generative-Models-in-Classification/Code/RF-HMM/spearmint/bpic
Importing bpic.py
Running bpic.main()
Got result -0.726809032537
Completed successfully in 64.89 seconds. [{u'main': -0.72680903253733498}]
Anything printed here will end up in the output directory for job #4
{u'nhmmstates': array([2]), u'nestimators': array([7]), u'nhmmiter': array([1])}
2 700 10
Start training the models...
Training with covariance type full
Training with covariance type diag
Start training the models...
Training with covariance type full
Start training the models...
Training with covariance type full
Start training the models...
Training with covariance type full
Start training the models...
Training with covariance type full
Result: 0.7268
