Job launching after 0.68 seconds in submission.
Running python job.
Changed into dir /home/hpc_anna1985/Research/Generative-Models-in-Classification/Code/RF-HMM/spearmint/bpic
Importing bpic.py
Running bpic.main()
Got result -0.747283745761
Completed successfully in 126.87 seconds. [{u'main': -0.74728374576148904}]
Anything printed here will end up in the output directory for job #292
{u'nhmmstates': array([9]), u'nestimators': array([7]), u'nhmmiter': array([44])}
9 700 440
Start training the models...
Training with covariance type full
Training with covariance type diag
Start training the models...
Training with covariance type full
Start training the models...
Training with covariance type full
Start training the models...
Training with covariance type full
Start training the models...
Training with covariance type full
Result: 0.7473
