Job launching after 0.69 seconds in submission.
Running python job.
Changed into dir /home/hpc_anna1985/Research/Generative-Models-in-Classification/Code/RF-HMM/spearmint/bpic
Importing bpic.py
Running bpic.main()
Got result -0.747290960248
Completed successfully in 127.68 seconds. [{u'main': -0.74729096024817832}]
Anything printed here will end up in the output directory for job #336
{u'nhmmstates': array([9]), u'nestimators': array([7]), u'nhmmiter': array([35])}
9 700 350
Start training the models...
Training with covariance type full
Training with covariance type diag
Start training the models...
Training with covariance type full
Start training the models...
Training with covariance type full
Start training the models...
Training with covariance type full
Start training the models...
Training with covariance type full
Result: 0.7473
