Job launching after 0.72 seconds in submission.
Running python job.
Changed into dir /home/hpc_anna1985/Research/Generative-Models-in-Classification/Code/RF-HMM/spearmint/bpic
Importing bpic.py
Running bpic.main()
Got result -0.744874107207
Completed successfully in 124.82 seconds. [{u'main': -0.74487410720727232}]
Anything printed here will end up in the output directory for job #49
{u'nhmmstates': array([10]), u'nestimators': array([1]), u'nhmmiter': array([50])}
10 100 500
Start training the models...
Training with covariance type full
Training with covariance type diag
Start training the models...
Training with covariance type full
Start training the models...
Training with covariance type full
Start training the models...
Training with covariance type full
Start training the models...
Training with covariance type full
Result: 0.7449
