Job launching after 0.71 seconds in submission.
Running python job.
Changed into dir /home/hpc_anna1985/Research/Generative-Models-in-Classification/Code/RF-HMM/spearmint/bpic
Importing bpic.py
Running bpic.main()
Got result -0.732898059303
Completed successfully in 97.61 seconds. [{u'main': -0.7328980593030805}]
Anything printed here will end up in the output directory for job #179
{u'nhmmstates': array([8]), u'nestimators': array([1]), u'nhmmiter': array([48])}
8 100 480
Start training the models...
Training with covariance type full
Training with covariance type diag
Start training the models...
Training with covariance type full
Start training the models...
Training with covariance type full
Start training the models...
Training with covariance type full
Start training the models...
Training with covariance type full
Result: 0.7329
