Job launching after 0.71 seconds in submission.
Running python job.
Changed into dir /home/hpc_anna1985/Research/Generative-Models-in-Classification/Code/RF-HMM/spearmint/bpic
Importing bpic.py
Running bpic.main()
Got result -0.687064425366
Completed successfully in 144.83 seconds. [{u'main': -0.68706442536613521}]
Anything printed here will end up in the output directory for job #500
{u'nhmmstates': array([9]), u'nestimators': array([7]), u'nhmmiter': array([46])}
9 700 460
Start training the models...
Training with covariance type full
Training with covariance type diag
Start training the models...
Training with covariance type full
Start training the models...
Training with covariance type full
Start training the models...
Training with covariance type full
Start training the models...
Training with covariance type full
Result: 0.6871
