Job launching after 0.64 seconds in submission.
Running python job.
Changed into dir /home/hpc_anna1985/Research/Generative-Models-in-Classification/Code/RF-HMM/spearmint/bpic
Importing bpic.py
Running bpic.main()
Got result -0.712408917106
Completed successfully in 97.19 seconds. [{u'main': -0.71240891710554788}]
Anything printed here will end up in the output directory for job #2
{u'nhmmstates': array([6]), u'nestimators': array([4]), u'nhmmiter': array([25])}
6 400 250
Start training the models...
Training with covariance type full
Training with covariance type diag
Start training the models...
Training with covariance type full
Start training the models...
Training with covariance type full
Start training the models...
Training with covariance type full
Start training the models...
Training with covariance type full
Result: 0.7124
