Job launching after 0.68 seconds in submission.
Running python job.
Changed into dir /home/hpc_anna1985/Research/Generative-Models-in-Classification/Code/RF-HMM/spearmint/bpic
Importing bpic.py
Running bpic.main()
Got result -0.743676502417
Completed successfully in 105.89 seconds. [{u'main': -0.74367650241685301}]
Anything printed here will end up in the output directory for job #173
{u'nhmmstates': array([9]), u'nestimators': array([1]), u'nhmmiter': array([45])}
9 100 450
Start training the models...
Training with covariance type full
Training with covariance type diag
Start training the models...
Training with covariance type full
Start training the models...
Training with covariance type full
Start training the models...
Training with covariance type full
Start training the models...
Training with covariance type full
Result: 0.7437
