Job launching after 0.68 seconds in submission.
Running python job.
Changed into dir /home/hpc_anna1985/Research/Generative-Models-in-Classification/Code/RF-HMM/spearmint/bpic
Importing bpic.py
Running bpic.main()
Got result -0.723209003679
Completed successfully in 52.57 seconds. [{u'main': -0.72320900367938834}]
Anything printed here will end up in the output directory for job #108
{u'nhmmstates': array([2]), u'nestimators': array([2]), u'nhmmiter': array([6])}
2 200 60
Start training the models...
Training with covariance type full
Training with covariance type diag
Start training the models...
Training with covariance type full
Start training the models...
Training with covariance type full
Start training the models...
Training with covariance type full
Start training the models...
Training with covariance type full
Result: 0.7232
