Job launching after 0.68 seconds in submission.
Running python job.
Changed into dir /home/hpc_anna1985/Research/Generative-Models-in-Classification/Code/RF-HMM/spearmint/bpic
Importing bpic.py
Running bpic.main()
Got result -0.754512661424
Completed successfully in 127.10 seconds. [{u'main': -0.75451266142413964}]
Anything printed here will end up in the output directory for job #456
{u'nhmmstates': array([9]), u'nestimators': array([6]), u'nhmmiter': array([2])}
9 600 20
Start training the models...
Training with covariance type full
Training with covariance type diag
Start training the models...
Training with covariance type full
Start training the models...
Training with covariance type full
Start training the models...
Training with covariance type full
Start training the models...
Training with covariance type full
Result: 0.7545
