Job launching after 0.67 seconds in submission.
Running python job.
Changed into dir /home/hpc_anna1985/Research/Generative-Models-in-Classification/Code/RF-HMM/spearmint/bpic
Importing bpic.py
Running bpic.main()
Got result -0.73523555299
Completed successfully in 120.35 seconds. [{u'main': -0.73523555299040466}]
Anything printed here will end up in the output directory for job #172
{u'nhmmstates': array([9]), u'nestimators': array([1]), u'nhmmiter': array([32])}
9 100 320
Start training the models...
Training with covariance type full
Training with covariance type diag
Start training the models...
Training with covariance type full
Start training the models...
Training with covariance type full
Start training the models...
Training with covariance type full
Start training the models...
Training with covariance type full
Result: 0.7352
