Job launching after 0.71 seconds in submission.
Running python job.
Changed into dir /home/hpc_anna1985/Research/Generative-Models-in-Classification/Code/RF-HMM/spearmint/bpic
Importing bpic.py
Running bpic.main()
Got result -0.746093355458
Completed successfully in 147.51 seconds. [{u'main': -0.74609335545775912}]
Anything printed here will end up in the output directory for job #251
{u'nhmmstates': array([10]), u'nestimators': array([7]), u'nhmmiter': array([38])}
10 700 380
Start training the models...
Training with covariance type full
Training with covariance type diag
Start training the models...
Training with covariance type full
Start training the models...
Training with covariance type full
Start training the models...
Training with covariance type full
Start training the models...
Training with covariance type full
Result: 0.7461
