Job launching after 0.70 seconds in submission.
Running python job.
Changed into dir /home/hpc_anna1985/Research/Generative-Models-in-Classification/Code/RF-HMM/spearmint/bpic
Importing bpic.py
Running bpic.main()
Got result -0.744917394127
Completed successfully in 134.25 seconds. [{u'main': -0.74491739412740787}]
Anything printed here will end up in the output directory for job #490
{u'nhmmstates': array([9]), u'nestimators': array([4]), u'nhmmiter': array([1])}
9 400 10
Start training the models...
Training with covariance type full
Training with covariance type diag
Start training the models...
Training with covariance type full
Start training the models...
Training with covariance type full
Start training the models...
Training with covariance type full
Start training the models...
Training with covariance type full
Result: 0.7449
