Job launching after 0.77 seconds in submission.
Running python job.
Changed into dir /home/hpc_anna1985/Research/Generative-Models-in-Classification/Code/RF-HMM/spearmint/bpic
Importing bpic.py
Running bpic.main()
Got result -0.747276531275
Completed successfully in 151.67 seconds. [{u'main': -0.74727653127479987}]
Anything printed here will end up in the output directory for job #455
{u'nhmmstates': array([10]), u'nestimators': array([7]), u'nhmmiter': array([35])}
10 700 350
Start training the models...
Training with covariance type full
Training with covariance type diag
Start training the models...
Training with covariance type full
Start training the models...
Training with covariance type full
Start training the models...
Training with covariance type full
Start training the models...
Training with covariance type full
Result: 0.7473
