Job launching after 0.66 seconds in submission.
Running python job.
Changed into dir /home/hpc_anna1985/Research/Generative-Models-in-Classification/Code/RF-HMM/spearmint/bpic
Importing bpic.py
Running bpic.main()
Got result -0.744866892721
Completed successfully in 136.76 seconds. [{u'main': -0.74486689272058304}]
Anything printed here will end up in the output directory for job #227
{u'nhmmstates': array([9]), u'nestimators': array([7]), u'nhmmiter': array([15])}
9 700 150
Start training the models...
Training with covariance type full
Training with covariance type diag
Start training the models...
Training with covariance type full
Start training the models...
Training with covariance type full
Start training the models...
Training with covariance type full
Start training the models...
Training with covariance type full
Result: 0.7449
