Job launching after 0.71 seconds in submission.
Running python job.
Changed into dir /home/hpc_anna1985/Research/Generative-Models-in-Classification/Code/RF-HMM/spearmint/bpic
Importing bpic.py
Running bpic.main()
Got result -0.715965659043
Completed successfully in 113.75 seconds. [{u'main': -0.71596565904335896}]
Anything printed here will end up in the output directory for job #175
{u'nhmmstates': array([9]), u'nestimators': array([2]), u'nhmmiter': array([1])}
9 200 10
Start training the models...
Training with covariance type full
Training with covariance type diag
Start training the models...
Training with covariance type full
Start training the models...
Training with covariance type full
Start training the models...
Training with covariance type full
Start training the models...
Training with covariance type full
Result: 0.7160
