Job launching after 0.72 seconds in submission.
Running python job.
Changed into dir /home/hpc_anna1985/Research/Generative-Models-in-Classification/Code/RF-HMM/spearmint/bpic
Importing bpic.py
Running bpic.main()
Got result -0.728028280788
Completed successfully in 125.91 seconds. [{u'main': -0.72802828078782189}]
Anything printed here will end up in the output directory for job #210
{u'nhmmstates': array([9]), u'nestimators': array([7]), u'nhmmiter': array([1])}
9 700 10
Start training the models...
Training with covariance type full
Training with covariance type diag
Start training the models...
Training with covariance type full
Start training the models...
Training with covariance type full
Start training the models...
Training with covariance type full
Start training the models...
Training with covariance type full
Result: 0.7280
