Job launching after 0.69 seconds in submission.
Running python job.
Changed into dir /home/hpc_anna1985/Research/Generative-Models-in-Classification/Code/RF-HMM/spearmint/bpic
Importing bpic.py
Running bpic.main()
Got result -0.738871654282
Completed successfully in 138.67 seconds. [{u'main': -0.73887165428179791}]
Anything printed here will end up in the output directory for job #167
{u'nhmmstates': array([9]), u'nestimators': array([7]), u'nhmmiter': array([1])}
9 700 10
Start training the models...
Training with covariance type full
Training with covariance type diag
Start training the models...
Training with covariance type full
Start training the models...
Training with covariance type full
Start training the models...
Training with covariance type full
Start training the models...
Training with covariance type full
Result: 0.7389
