Job launching after 0.73 seconds in submission.
Running python job.
Changed into dir /home/hpc_anna1985/Research/Generative-Models-in-Classification/Code/RF-HMM/spearmint/bpic
Importing bpic.py
Running bpic.main()
Got result -0.735221124017
Completed successfully in 143.14 seconds. [{u'main': -0.73522112401702622}]
Anything printed here will end up in the output directory for job #124
{u'nhmmstates': array([10]), u'nestimators': array([7]), u'nhmmiter': array([3])}
10 700 30
Start training the models...
Training with covariance type full
Training with covariance type diag
Start training the models...
Training with covariance type full
Start training the models...
Training with covariance type full
Start training the models...
Training with covariance type full
Start training the models...
Training with covariance type full
Result: 0.7352
