Job launching after 0.74 seconds in submission.
Running python job.
Changed into dir /home/hpc_anna1985/Research/Generative-Models-in-Classification/Code/RF-HMM/spearmint/bpic
Importing bpic.py
Running bpic.main()
Got result -0.730473991775
Completed successfully in 146.43 seconds. [{u'main': -0.73047399177548522}]
Anything printed here will end up in the output directory for job #613
{u'nhmmstates': array([9]), u'nestimators': array([7]), u'nhmmiter': array([49])}
9 700 490
Start training the models...
Training with covariance type full
Training with covariance type diag
Start training the models...
Training with covariance type full
Start training the models...
Training with covariance type full
Start training the models...
Training with covariance type full
Start training the models...
Training with covariance type full
Result: 0.7305
