Job launching after 0.71 seconds in submission.
Running python job.
Changed into dir /home/hpc_anna1985/Research/Generative-Models-in-Classification/Code/RF-HMM/spearmint/bpic
Importing bpic.py
Running bpic.main()
Got result -0.743676502417
Completed successfully in 131.91 seconds. [{u'main': -0.74367650241685301}]
Anything printed here will end up in the output directory for job #201
{u'nhmmstates': array([9]), u'nestimators': array([7]), u'nhmmiter': array([2])}
9 700 20
Start training the models...
Training with covariance type full
Training with covariance type diag
Start training the models...
Training with covariance type full
Start training the models...
Training with covariance type full
Start training the models...
Training with covariance type full
Start training the models...
Training with covariance type full
Result: 0.7437
