Job launching after 0.72 seconds in submission.
Running python job.
Changed into dir /home/hpc_anna1985/Research/Generative-Models-in-Classification/Code/RF-HMM/spearmint/bpic
Importing bpic.py
Running bpic.main()
Got result -0.750898203593
Completed successfully in 149.93 seconds. [{u'main': -0.75089820359281434}]
Anything printed here will end up in the output directory for job #413
{u'nhmmstates': array([9]), u'nestimators': array([7]), u'nhmmiter': array([10])}
9 700 100
Start training the models...
Training with covariance type full
Training with covariance type diag
Start training the models...
Training with covariance type full
Start training the models...
Training with covariance type full
Start training the models...
Training with covariance type full
Start training the models...
Training with covariance type full
Result: 0.7509
