Job launching after 0.71 seconds in submission.
Running python job.
Changed into dir /home/hpc_anna1985/Research/Generative-Models-in-Classification/Code/RF-HMM/spearmint/bpic
Importing bpic.py
Running bpic.main()
Got result -0.731628309646
Completed successfully in 129.68 seconds. [{u'main': -0.73162830964576864}]
Anything printed here will end up in the output directory for job #36
{u'nhmmstates': array([10]), u'nestimators': array([1]), u'nhmmiter': array([2])}
10 100 20
Start training the models...
Training with covariance type full
Training with covariance type diag
Start training the models...
Training with covariance type full
Start training the models...
Training with covariance type full
Start training the models...
Training with covariance type full
Start training the models...
Training with covariance type full
Result: 0.7316
