Job launching after 0.73 seconds in submission.
Running python job.
Changed into dir /home/hpc_anna1985/Research/Generative-Models-in-Classification/Code/RF-HMM/spearmint/bpic
Importing bpic.py
Running bpic.main()
Got result -0.740054830099
Completed successfully in 149.26 seconds. [{u'main': -0.74005483009883855}]
Anything printed here will end up in the output directory for job #67
{u'nhmmstates': array([10]), u'nestimators': array([7]), u'nhmmiter': array([1])}
10 700 10
Start training the models...
Training with covariance type full
Training with covariance type diag
Start training the models...
Training with covariance type full
Start training the models...
Training with covariance type full
Start training the models...
Training with covariance type full
Start training the models...
Training with covariance type full
Result: 0.7401
