Job launching after 0.75 seconds in submission.
Running python job.
Changed into dir /home/hpc_anna1985/Research/Generative-Models-in-Classification/Code/RF-HMM/spearmint/bpic
Importing bpic.py
Running bpic.main()
Got result -0.756922299978
Completed successfully in 117.96 seconds. [{u'main': -0.75692229997835658}]
Anything printed here will end up in the output directory for job #573
{u'nhmmstates': array([8]), u'nestimators': array([5]), u'nhmmiter': array([1])}
8 500 10
Start training the models...
Training with covariance type full
Training with covariance type diag
Start training the models...
Training with covariance type full
Start training the models...
Training with covariance type full
Start training the models...
Training with covariance type full
Start training the models...
Training with covariance type full
Result: 0.7569
