Job launching after 0.77 seconds in submission.
Running python job.
Changed into dir /home/hpc_anna1985/Research/Generative-Models-in-Classification/Code/RF-HMM/spearmint/bpic
Importing bpic.py
Running bpic.main()
Got result -0.743698145877
Completed successfully in 125.93 seconds. [{u'main': -0.74369814587692085}]
Anything printed here will end up in the output directory for job #95
{u'nhmmstates': array([10]), u'nestimators': array([1]), u'nhmmiter': array([4])}
10 100 40
Start training the models...
Training with covariance type full
Training with covariance type diag
Start training the models...
Training with covariance type full
Start training the models...
Training with covariance type full
Start training the models...
Training with covariance type full
Start training the models...
Training with covariance type full
Result: 0.7437
