Job launching after 0.70 seconds in submission.
Running python job.
Changed into dir /home/hpc_anna1985/Research/Generative-Models-in-Classification/Code/RF-HMM/spearmint/bpic
Importing bpic.py
Running bpic.main()
Got result -0.75208137941
Completed successfully in 131.82 seconds. [{u'main': -0.75208137940985487}]
Anything printed here will end up in the output directory for job #591
{u'nhmmstates': array([10]), u'nestimators': array([3]), u'nhmmiter': array([1])}
10 300 10
Start training the models...
Training with covariance type full
Training with covariance type diag
Start training the models...
Training with covariance type full
Start training the models...
Training with covariance type full
Start training the models...
Training with covariance type full
Start training the models...
Training with covariance type full
Result: 0.7521
