Job launching after 0.68 seconds in submission.
Running python job.
Changed into dir /home/hpc_anna1985/Research/Generative-Models-in-Classification/Code/RF-HMM/spearmint/bpic
Importing bpic.py
Running bpic.main()
Got result -0.753286198687
Completed successfully in 122.41 seconds. [{u'main': -0.75328619868696334}]
Anything printed here will end up in the output directory for job #259
{u'nhmmstates': array([9]), u'nestimators': array([6]), u'nhmmiter': array([48])}
9 600 480
Start training the models...
Training with covariance type full
Training with covariance type diag
Start training the models...
Training with covariance type full
Start training the models...
Training with covariance type full
Start training the models...
Training with covariance type full
Start training the models...
Training with covariance type full
Result: 0.7533
