Job launching after 0.68 seconds in submission.
Running python job.
Changed into dir /home/hpc_anna1985/Research/Generative-Models-in-Classification/Code/RF-HMM/spearmint/bpic
Importing bpic.py
Running bpic.main()
Got result -0.736440372268
Completed successfully in 161.81 seconds. [{u'main': -0.73644037226751313}]
Anything printed here will end up in the output directory for job #440
{u'nhmmstates': array([10]), u'nestimators': array([7]), u'nhmmiter': array([45])}
10 700 450
Start training the models...
Training with covariance type full
Training with covariance type diag
Start training the models...
Training with covariance type full
Start training the models...
Training with covariance type full
Start training the models...
Training with covariance type full
Start training the models...
Training with covariance type full
Result: 0.7364
