Job launching after 0.74 seconds in submission.
Running python job.
Changed into dir /home/hpc_anna1985/Research/Generative-Models-in-Classification/Code/RF-HMM/spearmint/bpic
Importing bpic.py
Running bpic.main()
Got result -0.735264410937
Completed successfully in 146.38 seconds. [{u'main': -0.73526441093716177}]
Anything printed here will end up in the output directory for job #603
{u'nhmmstates': array([10]), u'nestimators': array([7]), u'nhmmiter': array([25])}
10 700 250
Start training the models...
Training with covariance type full
Training with covariance type diag
Start training the models...
Training with covariance type full
Start training the models...
Training with covariance type full
Start training the models...
Training with covariance type full
Start training the models...
Training with covariance type full
Result: 0.7353
