Job launching after 0.70 seconds in submission.
Running python job.
Changed into dir /home/hpc_anna1985/Research/Generative-Models-in-Classification/Code/RF-HMM/spearmint/bpic
Importing bpic.py
Running bpic.main()
Got result -0.718404155544
Completed successfully in 122.32 seconds. [{u'main': -0.71840415554433312}]
Anything printed here will end up in the output directory for job #382
{u'nhmmstates': array([9]), u'nestimators': array([7]), u'nhmmiter': array([50])}
9 700 500
Start training the models...
Training with covariance type full
Training with covariance type diag
Start training the models...
Training with covariance type full
Start training the models...
Training with covariance type full
Start training the models...
Training with covariance type full
Start training the models...
Training with covariance type full
Result: 0.7184
