Job launching after 0.73 seconds in submission.
Running python job.
Changed into dir /home/hpc_anna1985/Research/Generative-Models-in-Classification/Code/RF-HMM/spearmint/bpic
Importing bpic.py
Running bpic.main()
Got result -0.719594545848
Completed successfully in 140.62 seconds. [{u'main': -0.71959454584806293}]
Anything printed here will end up in the output directory for job #590
{u'nhmmstates': array([9]), u'nestimators': array([7]), u'nhmmiter': array([27])}
9 700 270
Start training the models...
Training with covariance type full
Training with covariance type diag
Start training the models...
Training with covariance type full
Start training the models...
Training with covariance type full
Start training the models...
Training with covariance type full
Start training the models...
Training with covariance type full
Result: 0.7196
