Job launching after 0.67 seconds in submission.
Running python job.
Changed into dir /home/hpc_anna1985/Research/Generative-Models-in-Classification/Code/RF-HMM/spearmint/bpic
Importing bpic.py
Running bpic.main()
Got result -0.724392179496
Completed successfully in 62.10 seconds. [{u'main': -0.72439217949642887}]
Anything printed here will end up in the output directory for job #129
{u'nhmmstates': array([2]), u'nestimators': array([6]), u'nhmmiter': array([1])}
2 600 10
Start training the models...
Training with covariance type full
Training with covariance type diag
Start training the models...
Training with covariance type full
Start training the models...
Training with covariance type full
Start training the models...
Training with covariance type full
Start training the models...
Training with covariance type full
Result: 0.7244
