Job launching after 0.71 seconds in submission.
Running python job.
Changed into dir /home/hpc_anna1985/Research/Generative-Models-in-Classification/Code/RF-HMM/spearmint/bpic
Importing bpic.py
Running bpic.main()
Got result -0.741295721809
Completed successfully in 130.04 seconds. [{u'main': -0.74129572180939329}]
Anything printed here will end up in the output directory for job #592
{u'nhmmstates': array([9]), u'nestimators': array([7]), u'nhmmiter': array([1])}
9 700 10
Start training the models...
Training with covariance type full
Training with covariance type diag
Start training the models...
Training with covariance type full
Start training the models...
Training with covariance type full
Start training the models...
Training with covariance type full
Start training the models...
Training with covariance type full
Result: 0.7413
