Job launching after 0.73 seconds in submission.
Running python job.
Changed into dir /home/hpc_anna1985/Research/Generative-Models-in-Classification/Code/RF-HMM/spearmint/bpic
Importing bpic.py
Running bpic.main()
Got result -0.730437919342
Completed successfully in 129.45 seconds. [{u'main': -0.73043791934203883}]
Anything printed here will end up in the output directory for job #51
{u'nhmmstates': array([10]), u'nestimators': array([1]), u'nhmmiter': array([50])}
10 100 500
Start training the models...
Training with covariance type full
Training with covariance type diag
Start training the models...
Training with covariance type full
Start training the models...
Training with covariance type full
Start training the models...
Training with covariance type full
Start training the models...
Training with covariance type full
Result: 0.7304
