Job launching after 0.65 seconds in submission.
Running python job.
Changed into dir /home/hpc_anna1985/Research/Generative-Models-in-Classification/Code/RF-HMM/spearmint/bpic
Importing bpic.py
Running bpic.main()
Got result -0.734066806147
Completed successfully in 97.19 seconds. [{u'main': -0.73406680614674269}]
Anything printed here will end up in the output directory for job #152
{u'nhmmstates': array([8]), u'nestimators': array([1]), u'nhmmiter': array([50])}
8 100 500
Start training the models...
Training with covariance type full
Training with covariance type diag
Start training the models...
Training with covariance type full
Start training the models...
Training with covariance type full
Start training the models...
Training with covariance type full
Start training the models...
Training with covariance type full
Result: 0.7341
