Job launching after 0.69 seconds in submission.
Running python job.
Changed into dir /home/hpc_anna1985/Research/Generative-Models-in-Classification/Code/RF-HMM/spearmint/bpic
Importing bpic.py
Running bpic.main()
Got result -0.726852319457
Completed successfully in 163.48 seconds. [{u'main': -0.72685231945747053}]
Anything printed here will end up in the output directory for job #22
{u'nhmmstates': array([10]), u'nestimators': array([7]), u'nhmmiter': array([45])}
10 700 450
Start training the models...
Training with covariance type full
Training with covariance type diag
Start training the models...
Training with covariance type full
Start training the models...
Training with covariance type full
Start training the models...
Training with covariance type full
Start training the models...
Training with covariance type full
Result: 0.7269
