Job launching after 0.72 seconds in submission.
Running python job.
Changed into dir /home/hpc_anna1985/Research/Generative-Models-in-Classification/Code/RF-HMM/spearmint/bpic
Importing bpic.py
Running bpic.main()
Got result -0.720806579612
Completed successfully in 120.54 seconds. [{u'main': -0.72080657961186068}]
Anything printed here will end up in the output directory for job #193
{u'nhmmstates': array([9]), u'nestimators': array([2]), u'nhmmiter': array([15])}
9 200 150
Start training the models...
Training with covariance type full
Training with covariance type diag
Start training the models...
Training with covariance type full
Start training the models...
Training with covariance type full
Start training the models...
Training with covariance type full
Start training the models...
Training with covariance type full
Result: 0.7208
