Job launching after 0.77 seconds in submission.
Running python job.
Changed into dir /home/hpc_anna1985/Research/Generative-Models-in-Classification/Code/RF-HMM/spearmint/bpic
Importing bpic.py
Running bpic.main()
Got result -0.720799365125
Completed successfully in 127.94 seconds. [{u'main': -0.72079936512517129}]
Anything printed here will end up in the output directory for job #496
{u'nhmmstates': array([9]), u'nestimators': array([7]), u'nhmmiter': array([45])}
9 700 450
Start training the models...
Training with covariance type full
Training with covariance type diag
Start training the models...
Training with covariance type full
Start training the models...
Training with covariance type full
Start training the models...
Training with covariance type full
Start training the models...
Training with covariance type full
Result: 0.7208
