Job launching after 0.73 seconds in submission.
Running python job.
Changed into dir /home/hpc_anna1985/Research/Generative-Models-in-Classification/Code/RF-HMM/spearmint/bpic
Importing bpic.py
Running bpic.main()
Got result -0.73284034341
Completed successfully in 134.56 seconds. [{u'main': -0.73284034340956639}]
Anything printed here will end up in the output directory for job #552
{u'nhmmstates': array([9]), u'nestimators': array([7]), u'nhmmiter': array([28])}
9 700 280
Start training the models...
Training with covariance type full
Training with covariance type diag
Start training the models...
Training with covariance type full
Start training the models...
Training with covariance type full
Start training the models...
Training with covariance type full
Start training the models...
Training with covariance type full
Result: 0.7328
