Job launching after 0.69 seconds in submission.
Running python job.
Changed into dir /home/hpc_anna1985/Research/Generative-Models-in-Classification/Code/RF-HMM/spearmint/bpic
Importing bpic.py
Running bpic.main()
Got result -0.734045162687
Completed successfully in 113.29 seconds. [{u'main': -0.73404516268667486}]
Anything printed here will end up in the output directory for job #176
{u'nhmmstates': array([9]), u'nestimators': array([1]), u'nhmmiter': array([22])}
9 100 220
Start training the models...
Training with covariance type full
Training with covariance type diag
Start training the models...
Training with covariance type full
Start training the models...
Training with covariance type full
Start training the models...
Training with covariance type full
Start training the models...
Training with covariance type full
Result: 0.7340
