Job launching after 0.67 seconds in submission.
Running python job.
Changed into dir /home/hpc_anna1985/Research/Generative-Models-in-Classification/Code/RF-HMM/spearmint/bpic
Importing bpic.py
Running bpic.main()
Got result -0.750919847053
Completed successfully in 109.66 seconds. [{u'main': -0.75091984705288217}]
Anything printed here will end up in the output directory for job #150
{u'nhmmstates': array([8]), u'nestimators': array([1]), u'nhmmiter': array([9])}
8 100 90
Start training the models...
Training with covariance type full
Training with covariance type diag
Start training the models...
Training with covariance type full
Start training the models...
Training with covariance type full
Start training the models...
Training with covariance type full
Start training the models...
Training with covariance type full
Result: 0.7509
