Job launching after 0.69 seconds in submission.
Running python job.
Changed into dir /home/hpc_anna1985/Research/Generative-Models-in-Classification/Code/RF-HMM/spearmint/bpic
Importing bpic.py
Running bpic.main()
Got result -0.742464468653
Completed successfully in 155.22 seconds. [{u'main': -0.74246446865305538}]
Anything printed here will end up in the output directory for job #332
{u'nhmmstates': array([10]), u'nestimators': array([7]), u'nhmmiter': array([45])}
10 700 450
Start training the models...
Training with covariance type full
Training with covariance type diag
Start training the models...
Training with covariance type full
Start training the models...
Training with covariance type full
Start training the models...
Training with covariance type full
Start training the models...
Training with covariance type full
Result: 0.7425
