Job launching after 0.71 seconds in submission.
Running python job.
Changed into dir /home/hpc_anna1985/Research/Generative-Models-in-Classification/Code/RF-HMM/spearmint/bpic
Importing bpic.py
Running bpic.main()
Got result -0.726816247024
Completed successfully in 51.02 seconds. [{u'main': -0.72681624702402425}]
Anything printed here will end up in the output directory for job #18
{u'nhmmstates': array([3]), u'nestimators': array([1]), u'nhmmiter': array([1])}
3 100 10
Start training the models...
Training with covariance type full
Training with covariance type diag
Start training the models...
Training with covariance type full
Start training the models...
Training with covariance type full
Start training the models...
Training with covariance type full
Start training the models...
Training with covariance type full
Result: 0.7268
