Job launching after 0.73 seconds in submission.
Running python job.
Changed into dir /home/hpc_anna1985/Research/Generative-Models-in-Classification/Code/RF-HMM/spearmint/bpic
Importing bpic.py
Running bpic.main()
Got result -0.720792150638
Completed successfully in 130.92 seconds. [{u'main': -0.72079215063848212}]
Anything printed here will end up in the output directory for job #463
{u'nhmmstates': array([9]), u'nestimators': array([7]), u'nhmmiter': array([47])}
9 700 470
Start training the models...
Training with covariance type full
Training with covariance type diag
Start training the models...
Training with covariance type full
Start training the models...
Training with covariance type full
Start training the models...
Training with covariance type full
Start training the models...
Training with covariance type full
Result: 0.7208
