Job launching after 0.71 seconds in submission.
Running python job.
Changed into dir /home/hpc_anna1985/Research/Generative-Models-in-Classification/Code/RF-HMM/spearmint/bpic
Importing bpic.py
Running bpic.main()
Got result -0.7424933266
Completed successfully in 154.96 seconds. [{u'main': -0.74249332659981249}]
Anything printed here will end up in the output directory for job #391
{u'nhmmstates': array([10]), u'nestimators': array([7]), u'nhmmiter': array([30])}
10 700 300
Start training the models...
Training with covariance type full
Training with covariance type diag
Start training the models...
Training with covariance type full
Start training the models...
Training with covariance type full
Start training the models...
Training with covariance type full
Start training the models...
Training with covariance type full
Result: 0.7425
