Job launching after 0.74 seconds in submission.
Running python job.
Changed into dir /home/hpc_anna1985/Research/Generative-Models-in-Classification/Code/RF-HMM/spearmint/bpic
Importing bpic.py
Running bpic.main()
Got result -0.726816247024
Completed successfully in 150.79 seconds. [{u'main': -0.72681624702402414}]
Anything printed here will end up in the output directory for job #501
{u'nhmmstates': array([10]), u'nestimators': array([7]), u'nhmmiter': array([41])}
10 700 410
Start training the models...
Training with covariance type full
Training with covariance type diag
Start training the models...
Training with covariance type full
Start training the models...
Training with covariance type full
Start training the models...
Training with covariance type full
Start training the models...
Training with covariance type full
Result: 0.7268
