Job launching after 0.72 seconds in submission.
Running python job.
Changed into dir /home/hpc_anna1985/Research/Generative-Models-in-Classification/Code/RF-HMM/spearmint/bpic
Importing bpic.py
Running bpic.main()
Got result -0.728021066301
Completed successfully in 145.32 seconds. [{u'main': -0.72802106630113261}]
Anything printed here will end up in the output directory for job #215
{u'nhmmstates': array([10]), u'nestimators': array([7]), u'nhmmiter': array([15])}
10 700 150
Start training the models...
Training with covariance type full
Training with covariance type diag
Start training the models...
Training with covariance type full
Start training the models...
Training with covariance type full
Start training the models...
Training with covariance type full
Start training the models...
Training with covariance type full
Result: 0.7280
