Job launching after 0.68 seconds in submission.
Running python job.
Changed into dir /home/hpc_anna1985/Research/Generative-Models-in-Classification/Code/RF-HMM/spearmint/bpic
Importing bpic.py
Running bpic.main()
Got result -0.691963061828
Completed successfully in 68.39 seconds. [{u'main': -0.69196306182815093}]
Anything printed here will end up in the output directory for job #146
{u'nhmmstates': array([5]), u'nestimators': array([1]), u'nhmmiter': array([1])}
5 100 10
Start training the models...
Training with covariance type full
Training with covariance type diag
Start training the models...
Training with covariance type full
Start training the models...
Training with covariance type full
Start training the models...
Training with covariance type full
Start training the models...
Training with covariance type full
Result: 0.6920
