Job launching after 0.73 seconds in submission.
Running python job.
Changed into dir /home/hpc_anna1985/Research/Generative-Models-in-Classification/Code/RF-HMM/spearmint/bpic
Importing bpic.py
Running bpic.main()
Got result -0.73408123512
Completed successfully in 129.04 seconds. [{u'main': -0.73408123512012124}]
Anything printed here will end up in the output directory for job #542
{u'nhmmstates': array([8]), u'nestimators': array([7]), u'nhmmiter': array([2])}
8 700 20
Start training the models...
Training with covariance type full
Training with covariance type diag
Start training the models...
Training with covariance type full
Start training the models...
Training with covariance type full
Start training the models...
Training with covariance type full
Start training the models...
Training with covariance type full
Result: 0.7341
