Job launching after 0.73 seconds in submission.
Running python job.
Changed into dir /home/hpc_anna1985/Research/Generative-Models-in-Classification/Code/RF-HMM/spearmint/bpic
Importing bpic.py
Running bpic.main()
Got result -0.742486112113
Completed successfully in 143.88 seconds. [{u'main': -0.7424861121131231}]
Anything printed here will end up in the output directory for job #72
{u'nhmmstates': array([10]), u'nestimators': array([7]), u'nhmmiter': array([1])}
10 700 10
Start training the models...
Training with covariance type full
Training with covariance type diag
Start training the models...
Training with covariance type full
Start training the models...
Training with covariance type full
Start training the models...
Training with covariance type full
Start training the models...
Training with covariance type full
Result: 0.7425
