Job launching after 0.75 seconds in submission.
Running python job.
Changed into dir /home/hpc_anna1985/Research/Generative-Models-in-Classification/Code/RF-HMM/spearmint/bpic
Importing bpic.py
Running bpic.main()
Got result -0.749671740856
Completed successfully in 133.32 seconds. [{u'main': -0.74967174085563815}]
Anything printed here will end up in the output directory for job #505
{u'nhmmstates': array([10]), u'nestimators': array([3]), u'nhmmiter': array([1])}
10 300 10
Start training the models...
Training with covariance type full
Training with covariance type diag
Start training the models...
Training with covariance type full
Start training the models...
Training with covariance type full
Start training the models...
Training with covariance type full
Start training the models...
Training with covariance type full
Result: 0.7497
