Job launching after 0.74 seconds in submission.
Running python job.
Changed into dir /home/hpc_anna1985/Research/Generative-Models-in-Classification/Code/RF-HMM/spearmint/bpic
Importing bpic.py
Running bpic.main()
Got result -0.730466777289
Completed successfully in 132.91 seconds. [{u'main': -0.73046677728879594}]
Anything printed here will end up in the output directory for job #531
{u'nhmmstates': array([10]), u'nestimators': array([2]), u'nhmmiter': array([6])}
10 200 60
Start training the models...
Training with covariance type full
Training with covariance type diag
Start training the models...
Training with covariance type full
Start training the models...
Training with covariance type full
Start training the models...
Training with covariance type full
Start training the models...
Training with covariance type full
Result: 0.7305
