Job launching after 0.66 seconds in submission.
Running python job.
Changed into dir /home/hpc_anna1985/Research/Generative-Models-in-Classification/Code/RF-HMM/spearmint/bpic
Importing bpic.py
Running bpic.main()
Got result -0.748488565039
Completed successfully in 137.89 seconds. [{u'main': -0.74848856503859751}]
Anything printed here will end up in the output directory for job #76
{u'nhmmstates': array([10]), u'nestimators': array([2]), u'nhmmiter': array([46])}
10 200 460
Start training the models...
Training with covariance type full
Training with covariance type diag
Start training the models...
Training with covariance type full
Start training the models...
Training with covariance type full
Start training the models...
Training with covariance type full
Start training the models...
Training with covariance type full
Result: 0.7485
