Job launching after 0.72 seconds in submission.
Running python job.
Changed into dir /home/hpc_anna1985/Research/Generative-Models-in-Classification/Code/RF-HMM/spearmint/bpic
Importing bpic.py
Running bpic.main()
Got result -0.740083688046
Completed successfully in 143.14 seconds. [{u'main': -0.74008368804559554}]
Anything printed here will end up in the output directory for job #400
{u'nhmmstates': array([10]), u'nestimators': array([6]), u'nhmmiter': array([12])}
10 600 120
Start training the models...
Training with covariance type full
Training with covariance type diag
Start training the models...
Training with covariance type full
Start training the models...
Training with covariance type full
Start training the models...
Training with covariance type full
Start training the models...
Training with covariance type full
Result: 0.7401
