Job launching after 0.78 seconds in submission.
Running python job.
Changed into dir /home/hpc_anna1985/Research/Generative-Models-in-Classification/Code/RF-HMM/spearmint/bpic
Importing bpic.py
Running bpic.main()
Got result -0.737645191545
Completed successfully in 128.61 seconds. [{u'main': -0.7376451915446216}]
Anything printed here will end up in the output directory for job #426
{u'nhmmstates': array([9]), u'nestimators': array([7]), u'nhmmiter': array([45])}
9 700 450
Start training the models...
Training with covariance type full
Training with covariance type diag
Start training the models...
Training with covariance type full
Start training the models...
Training with covariance type full
Start training the models...
Training with covariance type full
Start training the models...
Training with covariance type full
Result: 0.7376
