Job launching after 0.74 seconds in submission.
Running python job.
Changed into dir /home/hpc_anna1985/Research/Generative-Models-in-Classification/Code/RF-HMM/spearmint/bpic
Importing bpic.py
Running bpic.main()
Got result -0.724421037443
Completed successfully in 109.72 seconds. [{u'main': -0.72442103744318587}]
Anything printed here will end up in the output directory for job #192
{u'nhmmstates': array([9]), u'nestimators': array([1]), u'nhmmiter': array([11])}
9 100 110
Start training the models...
Training with covariance type full
Training with covariance type diag
Start training the models...
Training with covariance type full
Start training the models...
Training with covariance type full
Start training the models...
Training with covariance type full
Start training the models...
Training with covariance type full
Result: 0.7244
