Job launching after 0.71 seconds in submission.
Running python job.
Changed into dir /home/hpc_anna1985/Research/Generative-Models-in-Classification/Code/RF-HMM/spearmint/bpic
Importing bpic.py
Running bpic.main()
Got result -0.70516557247
Completed successfully in 173.91 seconds. [{u'main': -0.70516557246951872}]
Anything printed here will end up in the output directory for job #417
{u'nhmmstates': array([10]), u'nestimators': array([7]), u'nhmmiter': array([12])}
10 700 120
Start training the models...
Training with covariance type full
Training with covariance type diag
Start training the models...
Training with covariance type full
Start training the models...
Training with covariance type full
Start training the models...
Training with covariance type full
Start training the models...
Training with covariance type full
Result: 0.7052
