Job launching after 0.71 seconds in submission.
Running python job.
Changed into dir /home/hpc_anna1985/Research/Generative-Models-in-Classification/Code/RF-HMM/spearmint/bpic
Importing bpic.py
Running bpic.main()
Got result -0.713563234976
Completed successfully in 130.62 seconds. [{u'main': -0.71356323497583141}]
Anything printed here will end up in the output directory for job #508
{u'nhmmstates': array([9]), u'nestimators': array([7]), u'nhmmiter': array([37])}
9 700 370
Start training the models...
Training with covariance type full
Training with covariance type diag
Start training the models...
Training with covariance type full
Start training the models...
Training with covariance type full
Start training the models...
Training with covariance type full
Start training the models...
Training with covariance type full
Result: 0.7136
