Job launching after 0.70 seconds in submission.
Running python job.
Changed into dir /home/hpc_anna1985/Research/Generative-Models-in-Classification/Code/RF-HMM/spearmint/bpic
Importing bpic.py
Running bpic.main()
Got result -0.737637977058
Completed successfully in 131.41 seconds. [{u'main': -0.73763797705793244}]
Anything printed here will end up in the output directory for job #572
{u'nhmmstates': array([9]), u'nestimators': array([7]), u'nhmmiter': array([24])}
9 700 240
Start training the models...
Training with covariance type full
Training with covariance type diag
Start training the models...
Training with covariance type full
Start training the models...
Training with covariance type full
Start training the models...
Training with covariance type full
Start training the models...
Training with covariance type full
Result: 0.7376
