Job launching after 0.73 seconds in submission.
Running python job.
Changed into dir /home/hpc_anna1985/Research/Generative-Models-in-Classification/Code/RF-HMM/spearmint/bpic
Importing bpic.py
Running bpic.main()
Got result -0.75330062766
Completed successfully in 131.74 seconds. [{u'main': -0.753300627660342}]
Anything printed here will end up in the output directory for job #411
{u'nhmmstates': array([9]), u'nestimators': array([7]), u'nhmmiter': array([37])}
9 700 370
Start training the models...
Training with covariance type full
Training with covariance type diag
Start training the models...
Training with covariance type full
Start training the models...
Training with covariance type full
Start training the models...
Training with covariance type full
Start training the models...
Training with covariance type full
Result: 0.7533
