Job launching after 0.66 seconds in submission.
Running python job.
Changed into dir /home/hpc_anna1985/Research/Generative-Models-in-Classification/Code/RF-HMM/spearmint/bpic
Importing bpic.py
Running bpic.main()
Got result -0.734088449607
Completed successfully in 129.15 seconds. [{u'main': -0.73408844960681052}]
Anything printed here will end up in the output directory for job #70
{u'nhmmstates': array([10]), u'nestimators': array([1]), u'nhmmiter': array([3])}
10 100 30
Start training the models...
Training with covariance type full
Training with covariance type diag
Start training the models...
Training with covariance type full
Start training the models...
Training with covariance type full
Start training the models...
Training with covariance type full
Start training the models...
Training with covariance type full
Result: 0.7341
