Job launching after 0.72 seconds in submission.
Running python job.
Changed into dir /home/hpc_anna1985/Research/Generative-Models-in-Classification/Code/RF-HMM/spearmint/bpic
Importing bpic.py
Running bpic.main()
Got result -0.752095808383
Completed successfully in 130.84 seconds. [{u'main': -0.75209580838323353}]
Anything printed here will end up in the output directory for job #564
{u'nhmmstates': array([9]), u'nestimators': array([7]), u'nhmmiter': array([36])}
9 700 360
Start training the models...
Training with covariance type full
Training with covariance type diag
Start training the models...
Training with covariance type full
Start training the models...
Training with covariance type full
Start training the models...
Training with covariance type full
Start training the models...
Training with covariance type full
Result: 0.7521
