Job launching after 0.67 seconds in submission.
Running python job.
Changed into dir /home/hpc_anna1985/Research/Generative-Models-in-Classification/Code/RF-HMM/spearmint/bpic
Importing bpic.py
Running bpic.main()
Got result -0.723245076113
Completed successfully in 63.97 seconds. [{u'main': -0.72324507611283462}]
Anything printed here will end up in the output directory for job #73
{u'nhmmstates': array([5]), u'nestimators': array([1]), u'nhmmiter': array([1])}
5 100 10
Start training the models...
Training with covariance type full
Training with covariance type diag
Start training the models...
Training with covariance type full
Start training the models...
Training with covariance type full
Start training the models...
Training with covariance type full
Start training the models...
Training with covariance type full
Result: 0.7232
