Job launching after 0.74 seconds in submission.
Running python job.
Changed into dir /home/hpc_anna1985/Research/Generative-Models-in-Classification/Code/RF-HMM/spearmint/bpic
Importing bpic.py
Running bpic.main()
Got result -0.726801818051
Completed successfully in 119.99 seconds. [{u'main': -0.7268018180506457}]
Anything printed here will end up in the output directory for job #101
{u'nhmmstates': array([9]), u'nestimators': array([6]), u'nhmmiter': array([48])}
9 600 480
Start training the models...
Training with covariance type full
Training with covariance type diag
Start training the models...
Training with covariance type full
Start training the models...
Training with covariance type full
Start training the models...
Training with covariance type full
Start training the models...
Training with covariance type full
Result: 0.7268
