Job launching after 0.71 seconds in submission.
Running python job.
Changed into dir /home/hpc_anna1985/Research/Generative-Models-in-Classification/Code/RF-HMM/spearmint/bpic
Importing bpic.py
Running bpic.main()
Got result -0.744902965154
Completed successfully in 121.21 seconds. [{u'main': -0.74490296515402932}]
Anything printed here will end up in the output directory for job #166
{u'nhmmstates': array([8]), u'nestimators': array([7]), u'nhmmiter': array([1])}
8 700 10
Start training the models...
Training with covariance type full
Training with covariance type diag
Start training the models...
Training with covariance type full
Start training the models...
Training with covariance type full
Start training the models...
Training with covariance type full
Start training the models...
Training with covariance type full
Result: 0.7449
