Job launching after 0.66 seconds in submission.
Running python job.
Changed into dir /home/hpc_anna1985/Research/Generative-Models-in-Classification/Code/RF-HMM/spearmint/bpic
Importing bpic.py
Running bpic.main()
Got result -0.737659620518
Completed successfully in 143.42 seconds. [{u'main': -0.73765962051800016}]
Anything printed here will end up in the output directory for job #138
{u'nhmmstates': array([10]), u'nestimators': array([7]), u'nhmmiter': array([5])}
10 700 50
Start training the models...
Training with covariance type full
Training with covariance type diag
Start training the models...
Training with covariance type full
Start training the models...
Training with covariance type full
Start training the models...
Training with covariance type full
Start training the models...
Training with covariance type full
Result: 0.7377
