Job launching after 0.67 seconds in submission.
Running python job.
Changed into dir /home/hpc_anna1985/Research/Generative-Models-in-Classification/Code/RF-HMM/spearmint/bpic
Importing bpic.py
Running bpic.main()
Got result -0.718389726571
Completed successfully in 135.82 seconds. [{u'main': -0.71838972657095446}]
Anything printed here will end up in the output directory for job #219
{u'nhmmstates': array([9]), u'nestimators': array([7]), u'nhmmiter': array([1])}
9 700 10
Start training the models...
Training with covariance type full
Training with covariance type diag
Start training the models...
Training with covariance type full
Start training the models...
Training with covariance type full
Start training the models...
Training with covariance type full
Start training the models...
Training with covariance type full
Result: 0.7184
