Job launching after 0.71 seconds in submission.
Running python job.
Changed into dir /home/hpc_anna1985/Research/Generative-Models-in-Classification/Code/RF-HMM/spearmint/bpic
Importing bpic.py
Running bpic.main()
Got result -0.729254743525
Completed successfully in 132.10 seconds. [{u'main': -0.72925474352499831}]
Anything printed here will end up in the output directory for job #418
{u'nhmmstates': array([10]), u'nestimators': array([2]), u'nhmmiter': array([50])}
10 200 500
Start training the models...
Training with covariance type full
Training with covariance type diag
Start training the models...
Training with covariance type full
Start training the models...
Training with covariance type full
Start training the models...
Training with covariance type full
Start training the models...
Training with covariance type full
Result: 0.7293
