Job launching after 0.73 seconds in submission.
Running python job.
Changed into dir /home/hpc_anna1985/Research/Generative-Models-in-Classification/Code/RF-HMM/spearmint/bpic
Importing bpic.py
Running bpic.main()
Got result -0.755710266215
Completed successfully in 130.30 seconds. [{u'main': -0.75571026621455883}]
Anything printed here will end up in the output directory for job #482
{u'nhmmstates': array([9]), u'nestimators': array([7]), u'nhmmiter': array([49])}
9 700 490
Start training the models...
Training with covariance type full
Training with covariance type diag
Start training the models...
Training with covariance type full
Start training the models...
Training with covariance type full
Start training the models...
Training with covariance type full
Start training the models...
Training with covariance type full
Result: 0.7557
