Job launching after 0.72 seconds in submission.
Running python job.
Changed into dir /home/hpc_anna1985/Research/Generative-Models-in-Classification/Code/RF-HMM/spearmint/bpic
Importing bpic.py
Running bpic.main()
Got result -0.762939181877
Completed successfully in 145.12 seconds. [{u'main': -0.76293918187720955}]
Anything printed here will end up in the output directory for job #273
{u'nhmmstates': array([9]), u'nestimators': array([7]), u'nhmmiter': array([30])}
9 700 300
Start training the models...
Training with covariance type full
Training with covariance type diag
Start training the models...
Training with covariance type full
Start training the models...
Training with covariance type full
Start training the models...
Training with covariance type full
Start training the models...
Training with covariance type full
Result: 0.7629
