Job launching after 0.73 seconds in submission.
Running python job.
Changed into dir /home/hpc_anna1985/Research/Generative-Models-in-Classification/Code/RF-HMM/spearmint/bpic
Importing bpic.py
Running bpic.main()
Got result -0.718375297598
Completed successfully in 115.93 seconds. [{u'main': -0.7183752975975759}]
Anything printed here will end up in the output directory for job #139
{u'nhmmstates': array([7]), u'nestimators': array([5]), u'nhmmiter': array([1])}
7 500 10
Start training the models...
Training with covariance type full
Training with covariance type diag
Start training the models...
Training with covariance type full
Start training the models...
Training with covariance type full
Start training the models...
Training with covariance type full
Start training the models...
Training with covariance type full
Result: 0.7184
