Job launching after 0.72 seconds in submission.
Running python job.
Changed into dir /home/hpc_anna1985/Research/Generative-Models-in-Classification/Code/RF-HMM/spearmint/bpic
Importing bpic.py
Running bpic.main()
Got result -0.736397085347
Completed successfully in 108.68 seconds. [{u'main': -0.73639708534737758}]
Anything printed here will end up in the output directory for job #154
{u'nhmmstates': array([9]), u'nestimators': array([1]), u'nhmmiter': array([50])}
9 100 500
Start training the models...
Training with covariance type full
Training with covariance type diag
Start training the models...
Training with covariance type full
Start training the models...
Training with covariance type full
Start training the models...
Training with covariance type full
Start training the models...
Training with covariance type full
Result: 0.7364
