Job launching after 0.70 seconds in submission.
Running python job.
Changed into dir /home/hpc_anna1985/Research/Generative-Models-in-Classification/Code/RF-HMM/spearmint/bpic
Importing bpic.py
Running bpic.main()
Got result -0.744895750667
Completed successfully in 130.22 seconds. [{u'main': -0.74489575066734004}]
Anything printed here will end up in the output directory for job #509
{u'nhmmstates': array([9]), u'nestimators': array([7]), u'nhmmiter': array([27])}
9 700 270
Start training the models...
Training with covariance type full
Training with covariance type diag
Start training the models...
Training with covariance type full
Start training the models...
Training with covariance type full
Start training the models...
Training with covariance type full
Start training the models...
Training with covariance type full
Result: 0.7449
