Job launching after 0.66 seconds in submission.
Running python job.
Changed into dir /home/hpc_anna1985/Research/Generative-Models-in-Classification/Code/RF-HMM/spearmint/bpic
Importing bpic.py
Running bpic.main()
Got result -0.737674049491
Completed successfully in 144.84 seconds. [{u'main': -0.7376740494913786}]
Anything printed here will end up in the output directory for job #115
{u'nhmmstates': array([10]), u'nestimators': array([7]), u'nhmmiter': array([50])}
10 700 500
Start training the models...
Training with covariance type full
Training with covariance type diag
Start training the models...
Training with covariance type full
Start training the models...
Training with covariance type full
Start training the models...
Training with covariance type full
Start training the models...
Training with covariance type full
Result: 0.7377
